[]  {
    "line": 2,
    "elements": [
      {
        "start_timestamp": "2021-11-04T18:08:55.284Z",
        "line": 30,
        "name": "realizar comparacao de produtos",
        "description": "",
        "id": "serie-de-teste;realizar-comparacao-de-produtos",
        "type": "scenario",
        "keyword": "Cenario",
        "steps": [
          {
            "result": {
              "error_message": "br.com.santander.frm.exceptions.ElementFindException: An exception occured during element finding.\r\n\tat br.com.santander.frm.base.VirtualElement.get(VirtualElement.java:102)\r\n\tat br.com.santander.frm.base.VirtualElement.sendKeys(VirtualElement.java:372)\r\n\tat org.br.curso.pages.CompraPage.Logar(CompraPage.java:142)\r\n\tat org.br.curso.steps.CompraSteps.que_estou_em_historico_de_compras(CompraSteps.java:101)\r\n\tat ✽.que estou em historico de compras(file:///C:/Projeto%20Eclipse/treinamento-qas-automation_pratice/src/main/java/org/br/curso/features/dresses.feature:31)\r\nCaused by: org.openqa.selenium.WebDriverException: chrome not reachable\n  (Session info: chrome\u003d95.0.4638.69)\nBuild info: version: \u00273.141.59\u0027, revision: \u0027e82be7d358\u0027, time: \u00272018-11-14T08:17:03\u0027\nSystem info: host: \u0027LP1013\u0027, ip: \u002710.20.1.50\u0027, os.name: \u0027Windows 10\u0027, os.arch: \u0027amd64\u0027, os.version: \u002710.0\u0027, java.version: \u00271.8.0_311\u0027\nDriver info: org.openqa.selenium.chrome.ChromeDriver\nCapabilities {acceptInsecureCerts: false, browserName: chrome, browserVersion: 95.0.4638.69, chrome: {chromedriverVersion: 94.0.4606.61 (418b78f5838ed..., userDataDir: C:\\Users\\DENISE~1.SAN\\AppDa...}, goog:chromeOptions: {debuggerAddress: localhost:55560}, javascriptEnabled: true, networkConnectionEnabled: false, pageLoadStrategy: normal, platform: WINDOWS, platformName: WINDOWS, proxy: Proxy(), setWindowRect: true, strictFileInteractability: false, timeouts: {implicit: 0, pageLoad: 300000, script: 30000}, unhandledPromptBehavior: dismiss and notify, webauthn:extension:credBlob: true, webauthn:extension:largeBlob: true, webauthn:virtualAuthenticators: true}\nSession ID: e4ed7b239572596e214abd5fb63a79b7\n*** Element info: {Using\u003did, value\u003demail}\r\n\tat sun.reflect.NativeConstructorAccessorImpl.newInstance0(Native Method)\r\n\tat sun.reflect.NativeConstructorAccessorImpl.newInstance(Unknown Source)\r\n\tat sun.reflect.DelegatingConstructorAccessorImpl.newInstance(Unknown Source)\r\n\tat java.lang.reflect.Constructor.newInstance(Unknown Source)\r\n\tat org.openqa.selenium.remote.http.W3CHttpResponseCodec.createException(W3CHttpResponseCodec.java:187)\r\n\tat org.openqa.selenium.remote.http.W3CHttpResponseCodec.decode(W3CHttpResponseCodec.java:122)\r\n\tat org.openqa.selenium.remote.http.W3CHttpResponseCodec.decode(W3CHttpResponseCodec.java:49)\r\n\tat org.openqa.selenium.remote.HttpCommandExecutor.execute(HttpCommandExecutor.java:158)\r\n\tat org.openqa.selenium.remote.service.DriverCommandExecutor.execute(DriverCommandExecutor.java:83)\r\n\tat org.openqa.selenium.remote.RemoteWebDriver.execute(RemoteWebDriver.java:552)\r\n\tat org.openqa.selenium.remote.RemoteWebDriver.findElements(RemoteWebDriver.java:353)\r\n\tat org.openqa.selenium.remote.RemoteWebDriver.findElementsById(RemoteWebDriver.java:376)\r\n\tat org.openqa.selenium.By$ById.findElements(By.java:180)\r\n\tat org.openqa.selenium.support.pagefactory.ByChained.findElements(ByChained.java:69)\r\n\tat org.openqa.selenium.support.pagefactory.ByChained.findElement(ByChained.java:52)\r\n\tat org.openqa.selenium.remote.RemoteWebDriver.findElement(RemoteWebDriver.java:315)\r\n\tat br.com.santander.frm.base.VirtualElement$1.\u003cinit\u003e(VirtualElement.java:696)\r\n\tat br.com.santander.frm.base.VirtualElement.get(VirtualElement.java:694)\r\n\tat br.com.santander.frm.base.VirtualElement.findElement(VirtualElement.java:625)\r\n\tat br.com.santander.frm.base.VirtualElement.get(VirtualElement.java:98)\r\n\tat br.com.santander.frm.base.VirtualElement.sendKeys(VirtualElement.java:372)\r\n\tat org.br.curso.pages.CompraPage.Logar(CompraPage.java:142)\r\n\tat org.br.curso.steps.CompraSteps.que_estou_em_historico_de_compras(CompraSteps.java:101)\r\n\tat sun.reflect.NativeMethodAccessorImpl.invoke0(Native Method)\r\n\tat sun.reflect.NativeMethodAccessorImpl.invoke(Unknown Source)\r\n\tat sun.reflect.DelegatingMethodAccessorImpl.invoke(Unknown Source)\r\n\tat java.lang.reflect.Method.invoke(Unknown Source)\r\n\tat io.cucumber.java.Invoker.invoke(Invoker.java:27)\r\n\tat io.cucumber.java.JavaStepDefinition.execute(JavaStepDefinition.java:27)\r\n\tat io.cucumber.core.runner.PickleStepDefinitionMatch.runStep(PickleStepDefinitionMatch.java:63)\r\n\tat io.cucumber.core.runner.TestStep.executeStep(TestStep.java:64)\r\n\tat io.cucumber.core.runner.TestStep.run(TestStep.java:49)\r\n\tat io.cucumber.core.runner.PickleStepTestStep.run(PickleStepTestStep.java:46)\r\n\tat io.cucumber.core.runner.TestCase.run(TestCase.java:51)\r\n\tat io.cucumber.core.runner.Runner.runPickle(Runner.java:66)\r\n\tat io.cucumber.testng.TestNGCucumberRunner.runScenario(TestNGCucumberRunner.java:124)\r\n\tat br.com.santander.frm.bdd.std.CucumberAbstractTest.runScenario(CucumberAbstractTest.java:62)\r\n\tat sun.reflect.NativeMethodAccessorImpl.invoke0(Native Method)\r\n\tat sun.reflect.NativeMethodAccessorImpl.invoke(Unknown Source)\r\n\tat sun.reflect.DelegatingMethodAccessorImpl.invoke(Unknown Source)\r\n\tat java.lang.reflect.Method.invoke(Unknown Source)\r\n\tat org.testng.internal.MethodInvocationHelper.invokeMethod(MethodInvocationHelper.java:134)\r\n\tat org.testng.internal.TestInvoker.invokeMethod(TestInvoker.java:597)\r\n\tat org.testng.internal.TestInvoker.invokeTestMethod(TestInvoker.java:173)\r\n\tat org.testng.internal.MethodRunner.runInSequence(MethodRunner.java:46)\r\n\tat org.testng.internal.TestInvoker$MethodInvocationAgent.invoke(TestInvoker.java:816)\r\n\tat org.testng.internal.TestInvoker.invokeTestMethods(TestInvoker.java:146)\r\n\tat org.testng.internal.TestMethodWorker.invokeTestMethods(TestMethodWorker.java:146)\r\n\tat org.testng.internal.TestMethodWorker.run(TestMethodWorker.java:128)\r\n\tat java.util.ArrayList.forEach(Unknown Source)\r\n\tat org.testng.TestRunner.privateRun(TestRunner.java:766)\r\n\tat org.testng.TestRunner.run(TestRunner.java:587)\r\n\tat org.testng.SuiteRunner.runTest(SuiteRunner.java:384)\r\n\tat org.testng.SuiteRunner.runSequentially(SuiteRunner.java:378)\r\n\tat org.testng.SuiteRunner.privateRun(SuiteRunner.java:337)\r\n\tat org.testng.SuiteRunner.run(SuiteRunner.java:286)\r\n\tat org.testng.SuiteRunnerWorker.runSuite(SuiteRunnerWorker.java:53)\r\n\tat org.testng.SuiteRunnerWorker.run(SuiteRunnerWorker.java:96)\r\n\tat org.testng.TestNG.runSuitesSequentially(TestNG.java:1187)\r\n\tat org.testng.TestNG.runSuitesLocally(TestNG.java:1109)\r\n\tat org.testng.TestNG.runSuites(TestNG.java:1039)\r\n\tat org.testng.TestNG.run(TestNG.java:1007)\r\n\tat org.testng.remote.AbstractRemoteTestNG.run(AbstractRemoteTestNG.java:115)\r\n\tat org.testng.remote.RemoteTestNG.initAndRun(RemoteTestNG.java:251)\r\n\tat org.testng.remote.RemoteTestNG.main(RemoteTestNG.java:77)\r\n",
              "duration": 16829000000,
              "status": "failed"
            },
            "line": 31,
            "name": "que estou em historico de compras",
            "match": {
              "location": "org.br.curso.steps.CompraSteps.que_estou_em_historico_de_compras()"
            },
            "keyword": "Dado "
          },
          {
            "result": {
              "status": "skipped"
            },
            "line": 32,
            "name": "clico em \u0027add to campare\u0027 em cada item escolhido",
            "match": {
              "location": "org.br.curso.steps.CompraSteps.clico_em_addtocampare_em_cada_item_escolhido()"
            },
            "keyword": "Quando "
          },
          {
            "result": {
              "status": "skipped"
            },
            "line": 33,
            "name": "clico na opcao \u0027compare\u0027 e ira realizar a comparacao dos itens escolhidas",
            "match": {
              "location": "org.br.curso.steps.CompraSteps.clico_na_opcao_compare()"
            },
            "keyword": "Então "
          }
        ],
        "tags": [
          {
            "name": "@CT\u003d1"
          },
          {
            "name": "@CT0057_realizar_comparacao_de_produtos"
          }
        ]
      }
    ],
    "name": "serie de teste",
    "description": "",
    "id": "serie-de-teste",
    "keyword": "Funcionalidade",
    "uri": "file:src/main/java/org/br/curso/features/dresses.feature",
    "tags": []
  }
]